<?xml version='1.0' encoding='UTF-8'?>
<testsuite hostname="alexander-c340" name="br.unb.cic.ed.ImmutableListTest" tests="12" errors="0" failures="0" skipped="0" time="0.019" timestamp="2021-02-12T14:39:04">
                     <properties>
[...]
</properties>
                     <testcase classname="br.unb.cic.ed.ImmutableListTest" name="Fetching head of empty list returns None" time="0.016">
                                                 
                                               </testcase><testcase classname="br.unb.cic.ed.ImmutableListTest" name="Fetching head of non-empty list return the list's first element" time="0.001">
                                                 
                                               </testcase><testcase classname="br.unb.cic.ed.ImmutableListTest" name="Size of empty list must be 0" time="0.0">
                                                 
                                               </testcase><testcase classname="br.unb.cic.ed.ImmutableListTest" name="Size of list with 3 elements must be 3" time="0.0">
                                                 
                                               </testcase><testcase classname="br.unb.cic.ed.ImmutableListTest" name="Fetching element on an empty list returns None" time="0.0">
                                                 
                                               </testcase><testcase classname="br.unb.cic.ed.ImmutableListTest" name="Fetching element at a valid position returns its value" time="0.001">
                                                 
                                               </testcase><testcase classname="br.unb.cic.ed.ImmutableListTest" name="Fetching element at a invalid position returns None" time="0.0">
                                                 
                                               </testcase><testcase classname="br.unb.cic.ed.ImmutableListTest" name="Fetching element present in list should return it" time="0.001">
                                                 
                                               </testcase><testcase classname="br.unb.cic.ed.ImmutableListTest" name="Fetching element not present in list should return None" time="0.0">
                                                 
                                               </testcase><testcase classname="br.unb.cic.ed.ImmutableListTest" name="Adding element to list puts it at the end of the list" time="0.0">
                                                 
                                               </testcase><testcase classname="br.unb.cic.ed.ImmutableListTest" name="Removing element present in list should return a list without that element" time="0.0">
                                                 
                                               </testcase><testcase classname="br.unb.cic.ed.ImmutableListTest" name="Removing element not present in list should return None" time="0.0">
                                                 
                                               </testcase>
                     <system-out><![CDATA[]]></system-out>
                     <system-err><![CDATA[]]></system-err>
                   </testsuite>